[ERROR] 2025-05-30T18:32:40:
file: chunk-0.json,
field id: -AVedutKF-.jpg___2025-05-30T17:22:33,
errors:
✖ Invalid option: expected one of "dynamic"|"static"
  → at type
✖ Invalid option: expected one of "h"|"v"|"s"
  → at orientation
✖ Invalid input: expected number, received string
  → at width
__________________
[ERROR] 2025-05-30T18:33:25:
file: chunk-0.json,
field id: -AVedutKF-.jpg___2025-05-30T17:22:33,
errors:
✖ Invalid option: expected one of "dynamic"|"static"
  → at type
✖ Invalid option: expected one of "h"|"v"|"s"
  → at orientation
✖ Invalid input: expected number, received string
  → at width
__________________
